PLINK v1.90b2m 64-bit (15 Oct 2014)
6 arguments: --bfile C:/Users/XCostas/Documents/competitivePRS/data/tmp --out C:/Users/XCostas/Documents/competitivePRS/data/Scores --score C:/Users/XCostas/Documents/competitivePRS/data/PRSmodel
Hostname: XCOSTAS-PC
Working directory: C:\Users\XCostas\Documents\competitivePRS
Start time: Mon Jun 11 17:07:01 2018

Random number seed: 1528729621
8146 MB RAM detected; reserving 4073 MB for main workspace.
230569 variants loaded from .bim file.
100 people (47 males, 53 females) loaded from .fam.
100 phenotype values loaded from .fam.
Using 1 thread (no multithreaded calculations invoked).
Before main variant filters, 100 founders and 0 nonfounders present.
Calculating allele frequencies... done.
Warning: 37074 het. haploid genotypes present (see
C:/Users/XCostas/Documents/competitivePRS/data/Scores.hh ).
Warning: Nonmissing nonmale Y chromosome genotype(s) present.
Total genotyping rate is 0.990839.
230569 variants and 100 people pass filters and QC.
Among remaining phenotypes, 50 are cases and 50 are controls.
--score: Results written to
C:/Users/XCostas/Documents/competitivePRS/data/Scores.profile .

End time: Mon Jun 11 17:07:01 2018
